============================= test session starts =============================
platform win32 -- Python 3.12.7, pytest-8.4.2, pluggy-1.6.0
rootdir: C:\Users\krist\OneDrive\Escritorio\Data Science CodeCademy\Data Engineer\Projects\Data Engineering Pipeline
configfile: pytest.ini
plugins: Faker-30.8.0, typeguard-4.4.4, anyio-4.2.0

----------------------------- live log collection -----------------------------
2025-09-16 08:32:09 - INFO - Note: NumExpr detected 16 cores but "NUMEXPR_MAX_THREADS" not set, so enforcing safe limit of 8.
2025-09-16 08:32:09 - INFO - NumExpr defaulting to 8 threads.
collected 1 item

test_main.py::test_unit_tests_pass PASSED                                [100%]

============================== warnings summary ===============================
test_main.py::test_unit_tests_pass
  C:\Users\krist\OneDrive\Escritorio\Data Science CodeCademy\Data Engineer\Projects\Data Engineering Pipeline\unit_tests.py:45: UserWarning: No new data found — clean database will still be refreshed.
    warnings.warn("No new data found — clean database will still be refreshed.")

-- Docs: https://docs.pytest.org/en/stable/how-to/capture-warnings.html
======================== 1 passed, 1 warning in 0.50s =========================
